mode: set
github.com/andrevfarias/go-expert/lab1-cloudrun/cmd/app/main.go:14.13,17.16 2 0
github.com/andrevfarias/go-expert/lab1-cloudrun/cmd/app/main.go:17.16,19.3 1 0
github.com/andrevfarias/go-expert/lab1-cloudrun/cmd/app/main.go:21.2,34.61 8 0
github.com/andrevfarias/go-expert/lab1-cloudrun/cmd/app/main.go:34.61,36.3 1 0
github.com/andrevfarias/go-expert/lab1-cloudrun/internal/config/config.go:21.47,23.16 2 0
github.com/andrevfarias/go-expert/lab1-cloudrun/internal/config/config.go:23.16,25.3 1 0
github.com/andrevfarias/go-expert/lab1-cloudrun/internal/config/config.go:27.2,42.45 12 0
github.com/andrevfarias/go-expert/lab1-cloudrun/internal/config/config.go:42.45,43.56 1 0
github.com/andrevfarias/go-expert/lab1-cloudrun/internal/config/config.go:43.56,45.4 1 0
github.com/andrevfarias/go-expert/lab1-cloudrun/internal/config/config.go:48.2,49.49 2 0
github.com/andrevfarias/go-expert/lab1-cloudrun/internal/config/config.go:49.49,51.3 1 0
github.com/andrevfarias/go-expert/lab1-cloudrun/internal/config/config.go:54.2,54.23 1 0
github.com/andrevfarias/go-expert/lab1-cloudrun/internal/config/config.go:54.23,56.3 1 0
github.com/andrevfarias/go-expert/lab1-cloudrun/internal/config/config.go:57.2,57.35 1 0
github.com/andrevfarias/go-expert/lab1-cloudrun/internal/config/config.go:57.35,59.3 1 0
github.com/andrevfarias/go-expert/lab1-cloudrun/internal/config/config.go:60.2,60.36 1 0
github.com/andrevfarias/go-expert/lab1-cloudrun/internal/config/config.go:60.36,62.3 1 0
github.com/andrevfarias/go-expert/lab1-cloudrun/internal/config/config.go:65.2,65.32 1 0
github.com/andrevfarias/go-expert/lab1-cloudrun/internal/config/config.go:65.32,67.3 1 0
github.com/andrevfarias/go-expert/lab1-cloudrun/internal/config/config.go:69.2,69.21 1 0
github.com/andrevfarias/go-expert/lab1-cloudrun/internal/entity/zipcode.go:17.51,22.37 2 1
github.com/andrevfarias/go-expert/lab1-cloudrun/internal/entity/zipcode.go:22.37,24.3 1 1
github.com/andrevfarias/go-expert/lab1-cloudrun/internal/entity/zipcode.go:26.2,26.15 1 1
github.com/andrevfarias/go-expert/lab1-cloudrun/internal/entity/zipcode.go:29.36,30.21 1 1
github.com/andrevfarias/go-expert/lab1-cloudrun/internal/entity/zipcode.go:30.21,32.3 1 0
github.com/andrevfarias/go-expert/lab1-cloudrun/internal/entity/zipcode.go:34.2,35.32 2 1
github.com/andrevfarias/go-expert/lab1-cloudrun/internal/entity/zipcode.go:35.32,37.3 1 1
github.com/andrevfarias/go-expert/lab1-cloudrun/internal/entity/zipcode.go:39.2,39.12 1 1
github.com/andrevfarias/go-expert/lab1-cloudrun/internal/infra/api/router.go:12.77,20.64 4 0
github.com/andrevfarias/go-expert/lab1-cloudrun/internal/infra/api/router.go:20.64,23.3 2 0
github.com/andrevfarias/go-expert/lab1-cloudrun/internal/infra/api/router.go:25.2,27.10 2 0
github.com/andrevfarias/go-expert/lab1-cloudrun/internal/infra/api/handler/temperature_handler.go:17.104,21.2 1 0
github.com/andrevfarias/go-expert/lab1-cloudrun/internal/infra/api/handler/temperature_handler.go:24.94,28.16 3 0
github.com/andrevfarias/go-expert/lab1-cloudrun/internal/infra/api/handler/temperature_handler.go:28.16,31.3 2 0
github.com/andrevfarias/go-expert/lab1-cloudrun/internal/infra/api/handler/temperature_handler.go:33.2,34.16 2 0
github.com/andrevfarias/go-expert/lab1-cloudrun/internal/infra/api/handler/temperature_handler.go:34.16,35.14 1 0
github.com/andrevfarias/go-expert/lab1-cloudrun/internal/infra/api/handler/temperature_handler.go:36.34,37.62 1 0
github.com/andrevfarias/go-expert/lab1-cloudrun/internal/infra/api/handler/temperature_handler.go:38.35,39.51 1 0
github.com/andrevfarias/go-expert/lab1-cloudrun/internal/infra/api/handler/temperature_handler.go:40.11,41.62 1 0
github.com/andrevfarias/go-expert/lab1-cloudrun/internal/infra/api/handler/temperature_handler.go:43.3,43.9 1 0
github.com/andrevfarias/go-expert/lab1-cloudrun/internal/infra/api/handler/temperature_handler.go:47.2,48.59 2 0
github.com/andrevfarias/go-expert/lab1-cloudrun/internal/infra/api/handler/temperature_handler.go:48.59,51.3 2 0
github.com/andrevfarias/go-expert/lab1-cloudrun/internal/usecase/get_temperature_by_zipcode.go:33.28,38.2 1 1
github.com/andrevfarias/go-expert/lab1-cloudrun/internal/usecase/get_temperature_by_zipcode.go:41.133,44.16 2 1
github.com/andrevfarias/go-expert/lab1-cloudrun/internal/usecase/get_temperature_by_zipcode.go:44.16,45.14 1 1
github.com/andrevfarias/go-expert/lab1-cloudrun/internal/usecase/get_temperature_by_zipcode.go:46.35,47.34 1 1
github.com/andrevfarias/go-expert/lab1-cloudrun/internal/usecase/get_temperature_by_zipcode.go:48.11,49.19 1 0
github.com/andrevfarias/go-expert/lab1-cloudrun/internal/usecase/get_temperature_by_zipcode.go:54.2,55.16 2 1
github.com/andrevfarias/go-expert/lab1-cloudrun/internal/usecase/get_temperature_by_zipcode.go:55.16,57.3 1 0
github.com/andrevfarias/go-expert/lab1-cloudrun/internal/usecase/get_temperature_by_zipcode.go:59.2,67.8 4 1
github.com/andrevfarias/go-expert/lab1-cloudrun/internal/infra/service/viacepapi_service.go:23.60,25.2 1 1
github.com/andrevfarias/go-expert/lab1-cloudrun/internal/infra/service/viacepapi_service.go:27.85,30.16 2 1
github.com/andrevfarias/go-expert/lab1-cloudrun/internal/infra/service/viacepapi_service.go:30.16,32.3 1 0
github.com/andrevfarias/go-expert/lab1-cloudrun/internal/infra/service/viacepapi_service.go:33.2,36.48 2 1
github.com/andrevfarias/go-expert/lab1-cloudrun/internal/infra/service/viacepapi_service.go:36.48,38.3 1 1
github.com/andrevfarias/go-expert/lab1-cloudrun/internal/infra/service/viacepapi_service.go:41.2,42.16 2 1
github.com/andrevfarias/go-expert/lab1-cloudrun/internal/infra/service/viacepapi_service.go:42.16,44.3 1 0
github.com/andrevfarias/go-expert/lab1-cloudrun/internal/infra/service/viacepapi_service.go:47.2,47.64 1 1
github.com/andrevfarias/go-expert/lab1-cloudrun/internal/infra/service/viacepapi_service.go:47.64,49.3 1 1
github.com/andrevfarias/go-expert/lab1-cloudrun/internal/infra/service/viacepapi_service.go:52.2,53.64 2 1
github.com/andrevfarias/go-expert/lab1-cloudrun/internal/infra/service/viacepapi_service.go:53.64,55.3 1 0
github.com/andrevfarias/go-expert/lab1-cloudrun/internal/infra/service/viacepapi_service.go:57.2,57.25 1 1
github.com/andrevfarias/go-expert/lab1-cloudrun/internal/infra/service/weatherapi_service.go:26.77,28.2 1 1
github.com/andrevfarias/go-expert/lab1-cloudrun/internal/infra/service/weatherapi_service.go:30.96,35.16 4 1
github.com/andrevfarias/go-expert/lab1-cloudrun/internal/infra/service/weatherapi_service.go:35.16,37.3 1 0
github.com/andrevfarias/go-expert/lab1-cloudrun/internal/infra/service/weatherapi_service.go:38.2,41.49 2 1
github.com/andrevfarias/go-expert/lab1-cloudrun/internal/infra/service/weatherapi_service.go:41.49,43.3 1 1
github.com/andrevfarias/go-expert/lab1-cloudrun/internal/infra/service/weatherapi_service.go:46.2,47.16 2 1
github.com/andrevfarias/go-expert/lab1-cloudrun/internal/infra/service/weatherapi_service.go:47.16,49.3 1 0
github.com/andrevfarias/go-expert/lab1-cloudrun/internal/infra/service/weatherapi_service.go:52.2,53.73 2 1
github.com/andrevfarias/go-expert/lab1-cloudrun/internal/infra/service/weatherapi_service.go:53.73,55.3 1 0
github.com/andrevfarias/go-expert/lab1-cloudrun/internal/infra/service/weatherapi_service.go:57.2,59.8 1 1
